2024-08-10 10:18:09,827 INFO notifyConnectTimeout:200

2024-08-10 10:18:09,827 INFO notifySocketTimeout:8000

2024-08-10 10:18:09,828 INFO isHealthCheck:true

2024-08-10 10:18:09,828 INFO maxHealthCheckFailCount:12

2024-08-10 10:18:09,828 INFO maxContent:10485760

2024-08-10 10:18:10,083 INFO Schema 'NACOS' already exists.

2024-08-10 10:18:10,106 INFO Table/View 'CONFIG_INFO' already exists in Schema 'NACOS'.

2024-08-10 10:18:10,127 INFO Table/View 'HIS_CONFIG_INFO' already exists in Schema 'NACOS'.

2024-08-10 10:18:10,135 INFO Table/View 'CONFIG_INFO_BETA' already exists in Schema 'NACOS'.

2024-08-10 10:18:10,138 INFO Table/View 'CONFIG_INFO_TAG' already exists in Schema 'NACOS'.

2024-08-10 10:18:10,141 INFO Table/View 'CONFIG_INFO_AGGR' already exists in Schema 'NACOS'.

2024-08-10 10:18:10,144 INFO Table/View 'APP_LIST' already exists in Schema 'NACOS'.

2024-08-10 10:18:10,146 INFO Table/View 'APP_CONFIGDATA_RELATION_SUBS' already exists in Schema 'NACOS'.

2024-08-10 10:18:10,148 INFO Table/View 'APP_CONFIGDATA_RELATION_PUBS' already exists in Schema 'NACOS'.

2024-08-10 10:18:10,150 INFO Table/View 'CONFIG_TAGS_RELATION' already exists in Schema 'NACOS'.

2024-08-10 10:18:10,153 INFO Table/View 'GROUP_CAPACITY' already exists in Schema 'NACOS'.

2024-08-10 10:18:10,156 INFO Table/View 'TENANT_CAPACITY' already exists in Schema 'NACOS'.

2024-08-10 10:18:10,157 INFO Table/View 'TENANT_INFO' already exists in Schema 'NACOS'.

2024-08-10 10:18:10,161 INFO Table/View 'USERS' already exists in Schema 'NACOS'.

2024-08-10 10:18:10,162 INFO Table/View 'ROLES' already exists in Schema 'NACOS'.

2024-08-10 10:18:10,200 INFO The statement was aborted because it would have caused a duplicate key value in a unique or primary key constraint or unique index identified by 'SQL240801161529830' defined on 'USERS'.

2024-08-10 10:18:10,245 WARN DumpService start

2024-08-10 10:18:10,246 INFO start clear all config-info.

2024-08-10 10:18:10,248 WARN clear all config-info failed.

2024-08-10 10:18:10,249 WARN clear all config-info-tenant failed.

2024-08-10 10:18:10,279 INFO start clear all config-info-beta.

2024-08-10 10:18:10,280 WARN clear all config-info-beta failed.

2024-08-10 10:18:10,280 WARN clear all config-info-beta-tenant failed.

2024-08-10 10:18:10,287 INFO start clear all config-info-tag.

2024-08-10 10:18:10,287 WARN clear all config-info-tag failed.

2024-08-10 10:18:10,287 WARN clear all config-info-tag-tenant failed.

2024-08-10 10:18:10,422 INFO ServerListService address-server port:8848

2024-08-10 10:18:10,422 INFO ADDRESS_SERVER_URL:http://jmenv.tbsite.net:8080/nacos/serverlist

2024-08-10 10:18:10,423 WARN [serverlist] updated to [192.168.1.103]

