2024-08-10 10:18:08,471 INFO Starting Nacos v1.0.0 on yanhaodeMacBook-Air with PID 55292 (/Users/yanhao/Downloads/nacos/target/nacos-server.jar started by yanhao in /Users/yanhao/Downloads/nacos/bin)

2024-08-10 10:18:08,473 INFO The following profiles are active: standalone

2024-08-10 10:18:09,245 INFO Bean 'org.springframework.security.config.annotation.configuration.ObjectPostProcessorConfiguration' of type [org.springframework.security.config.annotation.configuration.ObjectPostProcessorConfiguration$$EnhancerBySpringCGLIB$$783cbd2e] is not eligible for getting processed by all BeanPostProcessors (for example: not eligible for auto-proxying)

2024-08-10 10:18:09,280 INFO Bean 'objectPostProcessor' of type [org.springframework.security.config.annotation.configuration.AutowireBeanFactoryObjectPostProcessor] is not eligible for getting processed by all BeanPostProcessors (for example: not eligible for auto-proxying)

2024-08-10 10:18:09,281 INFO Bean 'org.springframework.security.access.expression.method.DefaultMethodSecurityExpressionHandler@61ce23ac' of type [org.springframework.security.access.expression.method.DefaultMethodSecurityExpressionHandler] is not eligible for getting processed by all BeanPostProcessors (for example: not eligible for auto-proxying)

2024-08-10 10:18:09,283 INFO Bean 'org.springframework.security.config.annotation.method.configuration.GlobalMethodSecurityConfiguration' of type [org.springframework.security.config.annotation.method.configuration.GlobalMethodSecurityConfiguration$$EnhancerBySpringCGLIB$$9d115fe0] is not eligible for getting processed by all BeanPostProcessors (for example: not eligible for auto-proxying)

2024-08-10 10:18:09,285 INFO Bean 'methodSecurityMetadataSource' of type [org.springframework.security.access.method.DelegatingMethodSecurityMetadataSource] is not eligible for getting processed by all BeanPostProcessors (for example: not eligible for auto-proxying)

2024-08-10 10:18:09,473 INFO Tomcat initialized with port(s): 8848 (http)

2024-08-10 10:18:09,485 INFO Starting service [Tomcat]

2024-08-10 10:18:09,485 INFO Starting Servlet Engine: Apache Tomcat/9.0.13

2024-08-10 10:18:09,492 INFO The APR based Apache Tomcat Native library which allows optimal performance in production environments was not found on the java.library.path: [/Users/yanhao/Library/Java/Extensions:/Library/Java/Extensions:/Network/Library/Java/Extensions:/System/Library/Java/Extensions:/usr/lib/java:.]

2024-08-10 10:18:09,529 INFO Initializing Spring embedded WebApplicationContext

2024-08-10 10:18:09,529 INFO Root WebApplicationContext: initialization completed in 1033 ms

2024-08-10 10:18:10,444 INFO Use Mysql as the driver

2024-08-10 10:18:10,595 INFO Initializing ExecutorService 'applicationTaskExecutor'

2024-08-10 10:18:10,653 INFO Adding welcome page: class path resource [static/index.html]

2024-08-10 10:18:10,765 INFO Creating filter chain: Ant [pattern='/'], []

2024-08-10 10:18:10,765 INFO Creating filter chain: Ant [pattern='/**/*.css'], []

2024-08-10 10:18:10,765 INFO Creating filter chain: Ant [pattern='/**/*.js'], []

2024-08-10 10:18:10,765 INFO Creating filter chain: Ant [pattern='/**/*.html'], []

2024-08-10 10:18:10,765 INFO Creating filter chain: Ant [pattern='/**/*.map'], []

2024-08-10 10:18:10,765 INFO Creating filter chain: Ant [pattern='/**/*.svg'], []

2024-08-10 10:18:10,765 INFO Creating filter chain: Ant [pattern='/**/*.png'], []

2024-08-10 10:18:10,765 INFO Creating filter chain: Ant [pattern='/**/*.ico'], []

2024-08-10 10:18:10,765 INFO Creating filter chain: Ant [pattern='/console-fe/public/**'], []

2024-08-10 10:18:10,765 INFO Creating filter chain: Ant [pattern='/v1/auth/login'], []

2024-08-10 10:18:10,765 INFO Creating filter chain: Ant [pattern='/v1/console/health/**'], []

2024-08-10 10:18:10,765 INFO Creating filter chain: Ant [pattern='/v1/cs/**'], []

2024-08-10 10:18:10,765 INFO Creating filter chain: Ant [pattern='/v1/ns/**'], []

2024-08-10 10:18:10,765 INFO Creating filter chain: Ant [pattern='/v1/cmdb/**'], []

2024-08-10 10:18:10,765 INFO Creating filter chain: Ant [pattern='/actuator/**'], []

2024-08-10 10:18:10,765 INFO Creating filter chain: Ant [pattern='/v1/console/server/**'], []

2024-08-10 10:18:10,775 INFO Creating filter chain: any request, [org.springframework.security.web.context.request.async.WebAsyncManagerIntegrationFilter@a5272be, org.springframework.security.web.context.SecurityContextPersistenceFilter@561b7d53, org.springframework.security.web.header.HeaderWriterFilter@237f7970, org.springframework.security.web.authentication.logout.LogoutFilter@60c8a093, com.alibaba.nacos.console.filter.JwtAuthenticationTokenFilter@58ba5b30, org.springframework.security.web.savedrequest.RequestCacheAwareFilter@1dc3502b, org.springframework.security.web.servletapi.SecurityContextHolderAwareRequestFilter@2cae9b8, org.springframework.security.web.authentication.AnonymousAuthenticationFilter@4dba773d, org.springframework.security.web.session.SessionManagementFilter@6c0e13b7, org.springframework.security.web.access.ExceptionTranslationFilter@45acdd11, org.springframework.security.web.access.intercept.FilterSecurityInterceptor@38ed139b]

2024-08-10 10:18:10,790 INFO Exposing 2 endpoint(s) beneath base path '/actuator'

2024-08-10 10:18:10,804 INFO Initializing ExecutorService 'taskScheduler'

2024-08-10 10:18:10,851 INFO Tomcat started on port(s): 8848 (http) with context path '/nacos'

2024-08-10 10:18:10,853 INFO Started Nacos in 2.845 seconds (JVM running for 3.114)

2024-08-10 10:18:10,853 INFO Nacos Log files: /Users/yanhao/Downloads/nacos/logs/

2024-08-10 10:18:10,853 INFO Nacos Conf files: /Users/yanhao/Downloads/nacos/conf/

2024-08-10 10:18:10,853 INFO Nacos Data files: /Users/yanhao/Downloads/nacos/data/

2024-08-10 10:18:10,853 INFO Nacos started successfully in stand alone mode.

2024-08-10 10:18:15,500 INFO Initializing Spring DispatcherServlet 'dispatcherServlet'

2024-08-10 10:18:15,500 INFO Initializing Servlet 'dispatcherServlet'

2024-08-10 10:18:15,505 INFO Completed initialization in 5 ms

2024-08-10 10:18:20,997 INFO Expired JWT token.

2024-08-10 10:18:21,005 ERROR Responding with unauthorized error. Message - Full authentication is required to access this resource

2024-08-10 10:28:10,244 INFO [capacityManagement] start correct usage

2024-08-10 10:28:10,276 INFO [capacityManagement] end correct usage, cost: 0s

2024-08-10 10:28:10,311 WARN clearConfigHistory start

