2024-08-10 10:18:09,608 INFO distro notifier started

2024-08-10 10:20:30,091 DEBUG got key: com.alibaba.nacos.naming.iplist.ephemeral.public##DEFAULT_GROUP@@nacos-provider

2024-08-10 10:20:30,102 DEBUG [NACOS-DISTRO] datum change notified, key: com.alibaba.nacos.naming.iplist.ephemeral.public##DEFAULT_GROUP@@nacos-provider, listener count: 1, action: CHANGE

2024-08-10 10:20:34,708 DEBUG sync checksums: {com.alibaba.nacos.naming.iplist.ephemeral.public##DEFAULT_GROUP@@nacos-provider=debeec188a3aef5bf19096382fb2d015}

2024-08-10 10:20:39,709 DEBUG sync checksums: {com.alibaba.nacos.naming.iplist.ephemeral.public##DEFAULT_GROUP@@nacos-provider=debeec188a3aef5bf19096382fb2d015}

2024-08-10 10:20:44,715 DEBUG sync checksums: {com.alibaba.nacos.naming.iplist.ephemeral.public##DEFAULT_GROUP@@nacos-provider=debeec188a3aef5bf19096382fb2d015}

2024-08-10 10:20:49,717 DEBUG sync checksums: {com.alibaba.nacos.naming.iplist.ephemeral.public##DEFAULT_GROUP@@nacos-provider=debeec188a3aef5bf19096382fb2d015}

2024-08-10 10:20:54,721 DEBUG sync checksums: {com.alibaba.nacos.naming.iplist.ephemeral.public##DEFAULT_GROUP@@nacos-provider=debeec188a3aef5bf19096382fb2d015}

2024-08-10 10:20:59,727 DEBUG sync checksums: {com.alibaba.nacos.naming.iplist.ephemeral.public##DEFAULT_GROUP@@nacos-provider=debeec188a3aef5bf19096382fb2d015}

2024-08-10 10:21:04,733 DEBUG sync checksums: {com.alibaba.nacos.naming.iplist.ephemeral.public##DEFAULT_GROUP@@nacos-provider=debeec188a3aef5bf19096382fb2d015}

2024-08-10 10:21:09,739 DEBUG sync checksums: {com.alibaba.nacos.naming.iplist.ephemeral.public##DEFAULT_GROUP@@nacos-provider=debeec188a3aef5bf19096382fb2d015}

2024-08-10 10:21:14,745 DEBUG sync checksums: {com.alibaba.nacos.naming.iplist.ephemeral.public##DEFAULT_GROUP@@nacos-provider=debeec188a3aef5bf19096382fb2d015}

2024-08-10 10:21:19,750 DEBUG sync checksums: {com.alibaba.nacos.naming.iplist.ephemeral.public##DEFAULT_GROUP@@nacos-provider=debeec188a3aef5bf19096382fb2d015}

2024-08-10 10:21:24,752 DEBUG sync checksums: {com.alibaba.nacos.naming.iplist.ephemeral.public##DEFAULT_GROUP@@nacos-provider=debeec188a3aef5bf19096382fb2d015}

2024-08-10 10:21:29,755 DEBUG sync checksums: {com.alibaba.nacos.naming.iplist.ephemeral.public##DEFAULT_GROUP@@nacos-provider=debeec188a3aef5bf19096382fb2d015}

2024-08-10 10:21:34,760 DEBUG sync checksums: {com.alibaba.nacos.naming.iplist.ephemeral.public##DEFAULT_GROUP@@nacos-provider=debeec188a3aef5bf19096382fb2d015}

2024-08-10 10:21:39,762 DEBUG sync checksums: {com.alibaba.nacos.naming.iplist.ephemeral.public##DEFAULT_GROUP@@nacos-provider=debeec188a3aef5bf19096382fb2d015}

2024-08-10 10:21:44,763 DEBUG sync checksums: {com.alibaba.nacos.naming.iplist.ephemeral.public##DEFAULT_GROUP@@nacos-provider=debeec188a3aef5bf19096382fb2d015}

2024-08-10 10:21:49,767 DEBUG sync checksums: {com.alibaba.nacos.naming.iplist.ephemeral.public##DEFAULT_GROUP@@nacos-provider=debeec188a3aef5bf19096382fb2d015}

2024-08-10 10:21:54,772 DEBUG sync checksums: {com.alibaba.nacos.naming.iplist.ephemeral.public##DEFAULT_GROUP@@nacos-provider=debeec188a3aef5bf19096382fb2d015}

2024-08-10 10:21:59,776 DEBUG sync checksums: {com.alibaba.nacos.naming.iplist.ephemeral.public##DEFAULT_GROUP@@nacos-provider=debeec188a3aef5bf19096382fb2d015}

2024-08-10 10:22:04,782 DEBUG sync checksums: {com.alibaba.nacos.naming.iplist.ephemeral.public##DEFAULT_GROUP@@nacos-provider=debeec188a3aef5bf19096382fb2d015}

2024-08-10 10:22:09,785 DEBUG sync checksums: {com.alibaba.nacos.naming.iplist.ephemeral.public##DEFAULT_GROUP@@nacos-provider=debeec188a3aef5bf19096382fb2d015}

2024-08-10 10:22:14,786 DEBUG sync checksums: {com.alibaba.nacos.naming.iplist.ephemeral.public##DEFAULT_GROUP@@nacos-provider=debeec188a3aef5bf19096382fb2d015}

2024-08-10 10:22:19,789 DEBUG sync checksums: {com.alibaba.nacos.naming.iplist.ephemeral.public##DEFAULT_GROUP@@nacos-provider=debeec188a3aef5bf19096382fb2d015}

2024-08-10 10:22:24,792 DEBUG sync checksums: {com.alibaba.nacos.naming.iplist.ephemeral.public##DEFAULT_GROUP@@nacos-provider=debeec188a3aef5bf19096382fb2d015}

2024-08-10 10:22:29,798 DEBUG sync checksums: {com.alibaba.nacos.naming.iplist.ephemeral.public##DEFAULT_GROUP@@nacos-provider=debeec188a3aef5bf19096382fb2d015}

2024-08-10 10:22:34,800 DEBUG sync checksums: {com.alibaba.nacos.naming.iplist.ephemeral.public##DEFAULT_GROUP@@nacos-provider=debeec188a3aef5bf19096382fb2d015}

2024-08-10 10:22:39,802 DEBUG sync checksums: {com.alibaba.nacos.naming.iplist.ephemeral.public##DEFAULT_GROUP@@nacos-provider=debeec188a3aef5bf19096382fb2d015}

2024-08-10 10:22:44,806 DEBUG sync checksums: {com.alibaba.nacos.naming.iplist.ephemeral.public##DEFAULT_GROUP@@nacos-provider=debeec188a3aef5bf19096382fb2d015}

2024-08-10 10:22:49,813 DEBUG sync checksums: {com.alibaba.nacos.naming.iplist.ephemeral.public##DEFAULT_GROUP@@nacos-provider=debeec188a3aef5bf19096382fb2d015}

2024-08-10 10:22:54,817 DEBUG sync checksums: {com.alibaba.nacos.naming.iplist.ephemeral.public##DEFAULT_GROUP@@nacos-provider=debeec188a3aef5bf19096382fb2d015}

2024-08-10 10:22:59,450 DEBUG got key: com.alibaba.nacos.naming.iplist.ephemeral.public##DEFAULT_GROUP@@nacos-consumer

2024-08-10 10:22:59,452 DEBUG [NACOS-DISTRO] datum change notified, key: com.alibaba.nacos.naming.iplist.ephemeral.public##DEFAULT_GROUP@@nacos-consumer, listener count: 1, action: CHANGE

2024-08-10 10:22:59,823 DEBUG sync checksums: {com.alibaba.nacos.naming.iplist.ephemeral.public##DEFAULT_GROUP@@nacos-consumer=2a501c548609592e13eb3460f821a1ed, com.alibaba.nacos.naming.iplist.ephemeral.public##DEFAULT_GROUP@@nacos-provider=debeec188a3aef5bf19096382fb2d015}

2024-08-10 10:23:04,829 DEBUG sync checksums: {com.alibaba.nacos.naming.iplist.ephemeral.public##DEFAULT_GROUP@@nacos-consumer=2a501c548609592e13eb3460f821a1ed, com.alibaba.nacos.naming.iplist.ephemeral.public##DEFAULT_GROUP@@nacos-provider=debeec188a3aef5bf19096382fb2d015}

2024-08-10 10:23:09,835 DEBUG sync checksums: {com.alibaba.nacos.naming.iplist.ephemeral.public##DEFAULT_GROUP@@nacos-consumer=2a501c548609592e13eb3460f821a1ed, com.alibaba.nacos.naming.iplist.ephemeral.public##DEFAULT_GROUP@@nacos-provider=debeec188a3aef5bf19096382fb2d015}

2024-08-10 10:23:14,839 DEBUG sync checksums: {com.alibaba.nacos.naming.iplist.ephemeral.public##DEFAULT_GROUP@@nacos-consumer=2a501c548609592e13eb3460f821a1ed, com.alibaba.nacos.naming.iplist.ephemeral.public##DEFAULT_GROUP@@nacos-provider=debeec188a3aef5bf19096382fb2d015}

2024-08-10 10:23:19,844 DEBUG sync checksums: {com.alibaba.nacos.naming.iplist.ephemeral.public##DEFAULT_GROUP@@nacos-consumer=2a501c548609592e13eb3460f821a1ed, com.alibaba.nacos.naming.iplist.ephemeral.public##DEFAULT_GROUP@@nacos-provider=debeec188a3aef5bf19096382fb2d015}

2024-08-10 10:23:24,849 DEBUG sync checksums: {com.alibaba.nacos.naming.iplist.ephemeral.public##DEFAULT_GROUP@@nacos-consumer=2a501c548609592e13eb3460f821a1ed, com.alibaba.nacos.naming.iplist.ephemeral.public##DEFAULT_GROUP@@nacos-provider=debeec188a3aef5bf19096382fb2d015}

2024-08-10 10:23:29,853 DEBUG sync checksums: {com.alibaba.nacos.naming.iplist.ephemeral.public##DEFAULT_GROUP@@nacos-consumer=2a501c548609592e13eb3460f821a1ed, com.alibaba.nacos.naming.iplist.ephemeral.public##DEFAULT_GROUP@@nacos-provider=debeec188a3aef5bf19096382fb2d015}

2024-08-10 10:23:34,855 DEBUG sync checksums: {com.alibaba.nacos.naming.iplist.ephemeral.public##DEFAULT_GROUP@@nacos-consumer=2a501c548609592e13eb3460f821a1ed, com.alibaba.nacos.naming.iplist.ephemeral.public##DEFAULT_GROUP@@nacos-provider=debeec188a3aef5bf19096382fb2d015}

2024-08-10 10:23:39,859 DEBUG sync checksums: {com.alibaba.nacos.naming.iplist.ephemeral.public##DEFAULT_GROUP@@nacos-consumer=2a501c548609592e13eb3460f821a1ed, com.alibaba.nacos.naming.iplist.ephemeral.public##DEFAULT_GROUP@@nacos-provider=debeec188a3aef5bf19096382fb2d015}

2024-08-10 10:23:43,999 DEBUG got key: com.alibaba.nacos.naming.iplist.ephemeral.public##DEFAULT_GROUP@@nacos-consumer

2024-08-10 10:23:44,000 DEBUG [NACOS-DISTRO] datum change notified, key: com.alibaba.nacos.naming.iplist.ephemeral.public##DEFAULT_GROUP@@nacos-consumer, listener count: 1, action: CHANGE

2024-08-10 10:23:44,872 DEBUG sync checksums: {com.alibaba.nacos.naming.iplist.ephemeral.public##DEFAULT_GROUP@@nacos-consumer=d41d8cd98f00b204e9800998ecf8427e, com.alibaba.nacos.naming.iplist.ephemeral.public##DEFAULT_GROUP@@nacos-provider=debeec188a3aef5bf19096382fb2d015}

2024-08-10 10:23:49,873 DEBUG sync checksums: {com.alibaba.nacos.naming.iplist.ephemeral.public##DEFAULT_GROUP@@nacos-consumer=d41d8cd98f00b204e9800998ecf8427e, com.alibaba.nacos.naming.iplist.ephemeral.public##DEFAULT_GROUP@@nacos-provider=debeec188a3aef5bf19096382fb2d015}

2024-08-10 10:23:54,877 DEBUG sync checksums: {com.alibaba.nacos.naming.iplist.ephemeral.public##DEFAULT_GROUP@@nacos-consumer=d41d8cd98f00b204e9800998ecf8427e, com.alibaba.nacos.naming.iplist.ephemeral.public##DEFAULT_GROUP@@nacos-provider=debeec188a3aef5bf19096382fb2d015}

2024-08-10 10:23:59,880 DEBUG sync checksums: {com.alibaba.nacos.naming.iplist.ephemeral.public##DEFAULT_GROUP@@nacos-consumer=d41d8cd98f00b204e9800998ecf8427e, com.alibaba.nacos.naming.iplist.ephemeral.public##DEFAULT_GROUP@@nacos-provider=debeec188a3aef5bf19096382fb2d015}

2024-08-10 10:24:04,885 DEBUG sync checksums: {com.alibaba.nacos.naming.iplist.ephemeral.public##DEFAULT_GROUP@@nacos-consumer=d41d8cd98f00b204e9800998ecf8427e, com.alibaba.nacos.naming.iplist.ephemeral.public##DEFAULT_GROUP@@nacos-provider=debeec188a3aef5bf19096382fb2d015}

2024-08-10 10:24:09,892 DEBUG sync checksums: {com.alibaba.nacos.naming.iplist.ephemeral.public##DEFAULT_GROUP@@nacos-consumer=d41d8cd98f00b204e9800998ecf8427e, com.alibaba.nacos.naming.iplist.ephemeral.public##DEFAULT_GROUP@@nacos-provider=debeec188a3aef5bf19096382fb2d015}

2024-08-10 10:24:14,900 DEBUG sync checksums: {com.alibaba.nacos.naming.iplist.ephemeral.public##DEFAULT_GROUP@@nacos-consumer=d41d8cd98f00b204e9800998ecf8427e, com.alibaba.nacos.naming.iplist.ephemeral.public##DEFAULT_GROUP@@nacos-provider=debeec188a3aef5bf19096382fb2d015}

2024-08-10 10:24:16,136 DEBUG got key: com.alibaba.nacos.naming.iplist.ephemeral.public##DEFAULT_GROUP@@nacos-provider

2024-08-10 10:24:16,138 DEBUG [NACOS-DISTRO] datum change notified, key: com.alibaba.nacos.naming.iplist.ephemeral.public##DEFAULT_GROUP@@nacos-provider, listener count: 1, action: CHANGE

2024-08-10 10:24:19,906 DEBUG sync checksums: {com.alibaba.nacos.naming.iplist.ephemeral.public##DEFAULT_GROUP@@nacos-consumer=d41d8cd98f00b204e9800998ecf8427e, com.alibaba.nacos.naming.iplist.ephemeral.public##DEFAULT_GROUP@@nacos-provider=d41d8cd98f00b204e9800998ecf8427e}

2024-08-10 10:24:24,909 DEBUG sync checksums: {com.alibaba.nacos.naming.iplist.ephemeral.public##DEFAULT_GROUP@@nacos-consumer=d41d8cd98f00b204e9800998ecf8427e, com.alibaba.nacos.naming.iplist.ephemeral.public##DEFAULT_GROUP@@nacos-provider=d41d8cd98f00b204e9800998ecf8427e}

2024-08-10 10:24:29,910 DEBUG sync checksums: {com.alibaba.nacos.naming.iplist.ephemeral.public##DEFAULT_GROUP@@nacos-consumer=d41d8cd98f00b204e9800998ecf8427e, com.alibaba.nacos.naming.iplist.ephemeral.public##DEFAULT_GROUP@@nacos-provider=d41d8cd98f00b204e9800998ecf8427e}

2024-08-10 10:24:34,915 DEBUG sync checksums: {com.alibaba.nacos.naming.iplist.ephemeral.public##DEFAULT_GROUP@@nacos-consumer=d41d8cd98f00b204e9800998ecf8427e, com.alibaba.nacos.naming.iplist.ephemeral.public##DEFAULT_GROUP@@nacos-provider=d41d8cd98f00b204e9800998ecf8427e}

2024-08-10 10:24:36,253 DEBUG got key: com.alibaba.nacos.naming.iplist.ephemeral.public##DEFAULT_GROUP@@nacos-provider

2024-08-10 10:24:36,254 DEBUG [NACOS-DISTRO] datum change notified, key: com.alibaba.nacos.naming.iplist.ephemeral.public##DEFAULT_GROUP@@nacos-provider, listener count: 1, action: CHANGE

2024-08-10 10:24:39,920 DEBUG sync checksums: {com.alibaba.nacos.naming.iplist.ephemeral.public##DEFAULT_GROUP@@nacos-consumer=d41d8cd98f00b204e9800998ecf8427e, com.alibaba.nacos.naming.iplist.ephemeral.public##DEFAULT_GROUP@@nacos-provider=debeec188a3aef5bf19096382fb2d015}

2024-08-10 10:24:44,926 DEBUG sync checksums: {com.alibaba.nacos.naming.iplist.ephemeral.public##DEFAULT_GROUP@@nacos-consumer=d41d8cd98f00b204e9800998ecf8427e, com.alibaba.nacos.naming.iplist.ephemeral.public##DEFAULT_GROUP@@nacos-provider=debeec188a3aef5bf19096382fb2d015}

2024-08-10 10:24:49,931 DEBUG sync checksums: {com.alibaba.nacos.naming.iplist.ephemeral.public##DEFAULT_GROUP@@nacos-consumer=d41d8cd98f00b204e9800998ecf8427e, com.alibaba.nacos.naming.iplist.ephemeral.public##DEFAULT_GROUP@@nacos-provider=debeec188a3aef5bf19096382fb2d015}

2024-08-10 10:24:50,342 DEBUG got key: com.alibaba.nacos.naming.iplist.ephemeral.public##DEFAULT_GROUP@@nacos-provider

2024-08-10 10:24:50,343 DEBUG [NACOS-DISTRO] datum change notified, key: com.alibaba.nacos.naming.iplist.ephemeral.public##DEFAULT_GROUP@@nacos-provider, listener count: 1, action: CHANGE

2024-08-10 10:24:54,932 DEBUG sync checksums: {com.alibaba.nacos.naming.iplist.ephemeral.public##DEFAULT_GROUP@@nacos-consumer=d41d8cd98f00b204e9800998ecf8427e, com.alibaba.nacos.naming.iplist.ephemeral.public##DEFAULT_GROUP@@nacos-provider=d41d8cd98f00b204e9800998ecf8427e}

2024-08-10 10:24:59,937 DEBUG sync checksums: {com.alibaba.nacos.naming.iplist.ephemeral.public##DEFAULT_GROUP@@nacos-consumer=d41d8cd98f00b204e9800998ecf8427e, com.alibaba.nacos.naming.iplist.ephemeral.public##DEFAULT_GROUP@@nacos-provider=d41d8cd98f00b204e9800998ecf8427e}

2024-08-10 10:25:04,941 DEBUG sync checksums: {com.alibaba.nacos.naming.iplist.ephemeral.public##DEFAULT_GROUP@@nacos-consumer=d41d8cd98f00b204e9800998ecf8427e, com.alibaba.nacos.naming.iplist.ephemeral.public##DEFAULT_GROUP@@nacos-provider=d41d8cd98f00b204e9800998ecf8427e}

2024-08-10 10:25:09,942 DEBUG sync checksums: {com.alibaba.nacos.naming.iplist.ephemeral.public##DEFAULT_GROUP@@nacos-consumer=d41d8cd98f00b204e9800998ecf8427e, com.alibaba.nacos.naming.iplist.ephemeral.public##DEFAULT_GROUP@@nacos-provider=d41d8cd98f00b204e9800998ecf8427e}

2024-08-10 10:25:14,946 DEBUG sync checksums: {com.alibaba.nacos.naming.iplist.ephemeral.public##DEFAULT_GROUP@@nacos-consumer=d41d8cd98f00b204e9800998ecf8427e, com.alibaba.nacos.naming.iplist.ephemeral.public##DEFAULT_GROUP@@nacos-provider=d41d8cd98f00b204e9800998ecf8427e}

2024-08-10 10:25:19,951 DEBUG sync checksums: {com.alibaba.nacos.naming.iplist.ephemeral.public##DEFAULT_GROUP@@nacos-consumer=d41d8cd98f00b204e9800998ecf8427e, com.alibaba.nacos.naming.iplist.ephemeral.public##DEFAULT_GROUP@@nacos-provider=d41d8cd98f00b204e9800998ecf8427e}

2024-08-10 10:25:24,952 DEBUG sync checksums: {com.alibaba.nacos.naming.iplist.ephemeral.public##DEFAULT_GROUP@@nacos-consumer=d41d8cd98f00b204e9800998ecf8427e, com.alibaba.nacos.naming.iplist.ephemeral.public##DEFAULT_GROUP@@nacos-provider=d41d8cd98f00b204e9800998ecf8427e}

2024-08-10 10:25:29,955 DEBUG sync checksums: {com.alibaba.nacos.naming.iplist.ephemeral.public##DEFAULT_GROUP@@nacos-consumer=d41d8cd98f00b204e9800998ecf8427e, com.alibaba.nacos.naming.iplist.ephemeral.public##DEFAULT_GROUP@@nacos-provider=d41d8cd98f00b204e9800998ecf8427e}

2024-08-10 10:25:34,961 DEBUG sync checksums: {com.alibaba.nacos.naming.iplist.ephemeral.public##DEFAULT_GROUP@@nacos-consumer=d41d8cd98f00b204e9800998ecf8427e, com.alibaba.nacos.naming.iplist.ephemeral.public##DEFAULT_GROUP@@nacos-provider=d41d8cd98f00b204e9800998ecf8427e}

2024-08-10 10:25:39,965 DEBUG sync checksums: {com.alibaba.nacos.naming.iplist.ephemeral.public##DEFAULT_GROUP@@nacos-consumer=d41d8cd98f00b204e9800998ecf8427e, com.alibaba.nacos.naming.iplist.ephemeral.public##DEFAULT_GROUP@@nacos-provider=d41d8cd98f00b204e9800998ecf8427e}

2024-08-10 10:25:44,970 DEBUG sync checksums: {com.alibaba.nacos.naming.iplist.ephemeral.public##DEFAULT_GROUP@@nacos-consumer=d41d8cd98f00b204e9800998ecf8427e, com.alibaba.nacos.naming.iplist.ephemeral.public##DEFAULT_GROUP@@nacos-provider=d41d8cd98f00b204e9800998ecf8427e}

2024-08-10 10:25:49,972 DEBUG sync checksums: {com.alibaba.nacos.naming.iplist.ephemeral.public##DEFAULT_GROUP@@nacos-consumer=d41d8cd98f00b204e9800998ecf8427e, com.alibaba.nacos.naming.iplist.ephemeral.public##DEFAULT_GROUP@@nacos-provider=d41d8cd98f00b204e9800998ecf8427e}

2024-08-10 10:25:54,978 DEBUG sync checksums: {com.alibaba.nacos.naming.iplist.ephemeral.public##DEFAULT_GROUP@@nacos-consumer=d41d8cd98f00b204e9800998ecf8427e, com.alibaba.nacos.naming.iplist.ephemeral.public##DEFAULT_GROUP@@nacos-provider=d41d8cd98f00b204e9800998ecf8427e}

2024-08-10 10:25:59,984 DEBUG sync checksums: {com.alibaba.nacos.naming.iplist.ephemeral.public##DEFAULT_GROUP@@nacos-consumer=d41d8cd98f00b204e9800998ecf8427e, com.alibaba.nacos.naming.iplist.ephemeral.public##DEFAULT_GROUP@@nacos-provider=d41d8cd98f00b204e9800998ecf8427e}

2024-08-10 10:26:04,989 DEBUG sync checksums: {com.alibaba.nacos.naming.iplist.ephemeral.public##DEFAULT_GROUP@@nacos-consumer=d41d8cd98f00b204e9800998ecf8427e, com.alibaba.nacos.naming.iplist.ephemeral.public##DEFAULT_GROUP@@nacos-provider=d41d8cd98f00b204e9800998ecf8427e}

2024-08-10 10:26:09,994 DEBUG sync checksums: {com.alibaba.nacos.naming.iplist.ephemeral.public##DEFAULT_GROUP@@nacos-consumer=d41d8cd98f00b204e9800998ecf8427e, com.alibaba.nacos.naming.iplist.ephemeral.public##DEFAULT_GROUP@@nacos-provider=d41d8cd98f00b204e9800998ecf8427e}

2024-08-10 10:26:14,998 DEBUG sync checksums: {com.alibaba.nacos.naming.iplist.ephemeral.public##DEFAULT_GROUP@@nacos-consumer=d41d8cd98f00b204e9800998ecf8427e, com.alibaba.nacos.naming.iplist.ephemeral.public##DEFAULT_GROUP@@nacos-provider=d41d8cd98f00b204e9800998ecf8427e}

2024-08-10 10:26:20,001 DEBUG sync checksums: {com.alibaba.nacos.naming.iplist.ephemeral.public##DEFAULT_GROUP@@nacos-consumer=d41d8cd98f00b204e9800998ecf8427e, com.alibaba.nacos.naming.iplist.ephemeral.public##DEFAULT_GROUP@@nacos-provider=d41d8cd98f00b204e9800998ecf8427e}

2024-08-10 10:26:25,006 DEBUG sync checksums: {com.alibaba.nacos.naming.iplist.ephemeral.public##DEFAULT_GROUP@@nacos-consumer=d41d8cd98f00b204e9800998ecf8427e, com.alibaba.nacos.naming.iplist.ephemeral.public##DEFAULT_GROUP@@nacos-provider=d41d8cd98f00b204e9800998ecf8427e}

2024-08-10 10:26:30,012 DEBUG sync checksums: {com.alibaba.nacos.naming.iplist.ephemeral.public##DEFAULT_GROUP@@nacos-consumer=d41d8cd98f00b204e9800998ecf8427e, com.alibaba.nacos.naming.iplist.ephemeral.public##DEFAULT_GROUP@@nacos-provider=d41d8cd98f00b204e9800998ecf8427e}

2024-08-10 10:26:35,018 DEBUG sync checksums: {com.alibaba.nacos.naming.iplist.ephemeral.public##DEFAULT_GROUP@@nacos-consumer=d41d8cd98f00b204e9800998ecf8427e, com.alibaba.nacos.naming.iplist.ephemeral.public##DEFAULT_GROUP@@nacos-provider=d41d8cd98f00b204e9800998ecf8427e}

2024-08-10 10:26:40,023 DEBUG sync checksums: {com.alibaba.nacos.naming.iplist.ephemeral.public##DEFAULT_GROUP@@nacos-consumer=d41d8cd98f00b204e9800998ecf8427e, com.alibaba.nacos.naming.iplist.ephemeral.public##DEFAULT_GROUP@@nacos-provider=d41d8cd98f00b204e9800998ecf8427e}

2024-08-10 10:26:45,025 DEBUG sync checksums: {com.alibaba.nacos.naming.iplist.ephemeral.public##DEFAULT_GROUP@@nacos-consumer=d41d8cd98f00b204e9800998ecf8427e, com.alibaba.nacos.naming.iplist.ephemeral.public##DEFAULT_GROUP@@nacos-provider=d41d8cd98f00b204e9800998ecf8427e}

2024-08-10 10:26:50,027 DEBUG sync checksums: {com.alibaba.nacos.naming.iplist.ephemeral.public##DEFAULT_GROUP@@nacos-consumer=d41d8cd98f00b204e9800998ecf8427e, com.alibaba.nacos.naming.iplist.ephemeral.public##DEFAULT_GROUP@@nacos-provider=d41d8cd98f00b204e9800998ecf8427e}

2024-08-10 10:26:55,032 DEBUG sync checksums: {com.alibaba.nacos.naming.iplist.ephemeral.public##DEFAULT_GROUP@@nacos-consumer=d41d8cd98f00b204e9800998ecf8427e, com.alibaba.nacos.naming.iplist.ephemeral.public##DEFAULT_GROUP@@nacos-provider=d41d8cd98f00b204e9800998ecf8427e}

2024-08-10 10:27:00,037 DEBUG sync checksums: {com.alibaba.nacos.naming.iplist.ephemeral.public##DEFAULT_GROUP@@nacos-consumer=d41d8cd98f00b204e9800998ecf8427e, com.alibaba.nacos.naming.iplist.ephemeral.public##DEFAULT_GROUP@@nacos-provider=d41d8cd98f00b204e9800998ecf8427e}

2024-08-10 10:27:05,041 DEBUG sync checksums: {com.alibaba.nacos.naming.iplist.ephemeral.public##DEFAULT_GROUP@@nacos-consumer=d41d8cd98f00b204e9800998ecf8427e, com.alibaba.nacos.naming.iplist.ephemeral.public##DEFAULT_GROUP@@nacos-provider=d41d8cd98f00b204e9800998ecf8427e}

2024-08-10 10:27:10,046 DEBUG sync checksums: {com.alibaba.nacos.naming.iplist.ephemeral.public##DEFAULT_GROUP@@nacos-consumer=d41d8cd98f00b204e9800998ecf8427e, com.alibaba.nacos.naming.iplist.ephemeral.public##DEFAULT_GROUP@@nacos-provider=d41d8cd98f00b204e9800998ecf8427e}

2024-08-10 10:27:15,047 DEBUG sync checksums: {com.alibaba.nacos.naming.iplist.ephemeral.public##DEFAULT_GROUP@@nacos-consumer=d41d8cd98f00b204e9800998ecf8427e, com.alibaba.nacos.naming.iplist.ephemeral.public##DEFAULT_GROUP@@nacos-provider=d41d8cd98f00b204e9800998ecf8427e}

2024-08-10 10:27:20,052 DEBUG sync checksums: {com.alibaba.nacos.naming.iplist.ephemeral.public##DEFAULT_GROUP@@nacos-consumer=d41d8cd98f00b204e9800998ecf8427e, com.alibaba.nacos.naming.iplist.ephemeral.public##DEFAULT_GROUP@@nacos-provider=d41d8cd98f00b204e9800998ecf8427e}

2024-08-10 10:27:25,055 DEBUG sync checksums: {com.alibaba.nacos.naming.iplist.ephemeral.public##DEFAULT_GROUP@@nacos-consumer=d41d8cd98f00b204e9800998ecf8427e, com.alibaba.nacos.naming.iplist.ephemeral.public##DEFAULT_GROUP@@nacos-provider=d41d8cd98f00b204e9800998ecf8427e}

2024-08-10 10:27:30,061 DEBUG sync checksums: {com.alibaba.nacos.naming.iplist.ephemeral.public##DEFAULT_GROUP@@nacos-consumer=d41d8cd98f00b204e9800998ecf8427e, com.alibaba.nacos.naming.iplist.ephemeral.public##DEFAULT_GROUP@@nacos-provider=d41d8cd98f00b204e9800998ecf8427e}

2024-08-10 10:27:35,065 DEBUG sync checksums: {com.alibaba.nacos.naming.iplist.ephemeral.public##DEFAULT_GROUP@@nacos-consumer=d41d8cd98f00b204e9800998ecf8427e, com.alibaba.nacos.naming.iplist.ephemeral.public##DEFAULT_GROUP@@nacos-provider=d41d8cd98f00b204e9800998ecf8427e}

2024-08-10 10:27:40,070 DEBUG sync checksums: {com.alibaba.nacos.naming.iplist.ephemeral.public##DEFAULT_GROUP@@nacos-consumer=d41d8cd98f00b204e9800998ecf8427e, com.alibaba.nacos.naming.iplist.ephemeral.public##DEFAULT_GROUP@@nacos-provider=d41d8cd98f00b204e9800998ecf8427e}

2024-08-10 10:27:45,076 DEBUG sync checksums: {com.alibaba.nacos.naming.iplist.ephemeral.public##DEFAULT_GROUP@@nacos-consumer=d41d8cd98f00b204e9800998ecf8427e, com.alibaba.nacos.naming.iplist.ephemeral.public##DEFAULT_GROUP@@nacos-provider=d41d8cd98f00b204e9800998ecf8427e}

2024-08-10 10:27:50,081 DEBUG sync checksums: {com.alibaba.nacos.naming.iplist.ephemeral.public##DEFAULT_GROUP@@nacos-consumer=d41d8cd98f00b204e9800998ecf8427e, com.alibaba.nacos.naming.iplist.ephemeral.public##DEFAULT_GROUP@@nacos-provider=d41d8cd98f00b204e9800998ecf8427e}

2024-08-10 10:27:55,087 DEBUG sync checksums: {com.alibaba.nacos.naming.iplist.ephemeral.public##DEFAULT_GROUP@@nacos-consumer=d41d8cd98f00b204e9800998ecf8427e, com.alibaba.nacos.naming.iplist.ephemeral.public##DEFAULT_GROUP@@nacos-provider=d41d8cd98f00b204e9800998ecf8427e}

2024-08-10 10:28:00,092 DEBUG sync checksums: {com.alibaba.nacos.naming.iplist.ephemeral.public##DEFAULT_GROUP@@nacos-consumer=d41d8cd98f00b204e9800998ecf8427e, com.alibaba.nacos.naming.iplist.ephemeral.public##DEFAULT_GROUP@@nacos-provider=d41d8cd98f00b204e9800998ecf8427e}

2024-08-10 10:28:05,096 DEBUG sync checksums: {com.alibaba.nacos.naming.iplist.ephemeral.public##DEFAULT_GROUP@@nacos-consumer=d41d8cd98f00b204e9800998ecf8427e, com.alibaba.nacos.naming.iplist.ephemeral.public##DEFAULT_GROUP@@nacos-provider=d41d8cd98f00b204e9800998ecf8427e}

2024-08-10 10:28:10,099 DEBUG sync checksums: {com.alibaba.nacos.naming.iplist.ephemeral.public##DEFAULT_GROUP@@nacos-consumer=d41d8cd98f00b204e9800998ecf8427e, com.alibaba.nacos.naming.iplist.ephemeral.public##DEFAULT_GROUP@@nacos-provider=d41d8cd98f00b204e9800998ecf8427e}

2024-08-10 10:28:15,101 DEBUG sync checksums: {com.alibaba.nacos.naming.iplist.ephemeral.public##DEFAULT_GROUP@@nacos-consumer=d41d8cd98f00b204e9800998ecf8427e, com.alibaba.nacos.naming.iplist.ephemeral.public##DEFAULT_GROUP@@nacos-provider=d41d8cd98f00b204e9800998ecf8427e}

2024-08-10 10:28:20,103 DEBUG sync checksums: {com.alibaba.nacos.naming.iplist.ephemeral.public##DEFAULT_GROUP@@nacos-consumer=d41d8cd98f00b204e9800998ecf8427e, com.alibaba.nacos.naming.iplist.ephemeral.public##DEFAULT_GROUP@@nacos-provider=d41d8cd98f00b204e9800998ecf8427e}

2024-08-10 10:28:25,109 DEBUG sync checksums: {com.alibaba.nacos.naming.iplist.ephemeral.public##DEFAULT_GROUP@@nacos-consumer=d41d8cd98f00b204e9800998ecf8427e, com.alibaba.nacos.naming.iplist.ephemeral.public##DEFAULT_GROUP@@nacos-provider=d41d8cd98f00b204e9800998ecf8427e}

2024-08-10 10:28:30,114 DEBUG sync checksums: {com.alibaba.nacos.naming.iplist.ephemeral.public##DEFAULT_GROUP@@nacos-consumer=d41d8cd98f00b204e9800998ecf8427e, com.alibaba.nacos.naming.iplist.ephemeral.public##DEFAULT_GROUP@@nacos-provider=d41d8cd98f00b204e9800998ecf8427e}

2024-08-10 10:28:35,118 DEBUG sync checksums: {com.alibaba.nacos.naming.iplist.ephemeral.public##DEFAULT_GROUP@@nacos-consumer=d41d8cd98f00b204e9800998ecf8427e, com.alibaba.nacos.naming.iplist.ephemeral.public##DEFAULT_GROUP@@nacos-provider=d41d8cd98f00b204e9800998ecf8427e}

2024-08-10 10:28:40,121 DEBUG sync checksums: {com.alibaba.nacos.naming.iplist.ephemeral.public##DEFAULT_GROUP@@nacos-consumer=d41d8cd98f00b204e9800998ecf8427e, com.alibaba.nacos.naming.iplist.ephemeral.public##DEFAULT_GROUP@@nacos-provider=d41d8cd98f00b204e9800998ecf8427e}

2024-08-10 10:28:45,127 DEBUG sync checksums: {com.alibaba.nacos.naming.iplist.ephemeral.public##DEFAULT_GROUP@@nacos-consumer=d41d8cd98f00b204e9800998ecf8427e, com.alibaba.nacos.naming.iplist.ephemeral.public##DEFAULT_GROUP@@nacos-provider=d41d8cd98f00b204e9800998ecf8427e}

2024-08-10 10:28:50,131 DEBUG sync checksums: {com.alibaba.nacos.naming.iplist.ephemeral.public##DEFAULT_GROUP@@nacos-consumer=d41d8cd98f00b204e9800998ecf8427e, com.alibaba.nacos.naming.iplist.ephemeral.public##DEFAULT_GROUP@@nacos-provider=d41d8cd98f00b204e9800998ecf8427e}

2024-08-10 10:28:55,136 DEBUG sync checksums: {com.alibaba.nacos.naming.iplist.ephemeral.public##DEFAULT_GROUP@@nacos-consumer=d41d8cd98f00b204e9800998ecf8427e, com.alibaba.nacos.naming.iplist.ephemeral.public##DEFAULT_GROUP@@nacos-provider=d41d8cd98f00b204e9800998ecf8427e}

2024-08-10 10:29:00,140 DEBUG sync checksums: {com.alibaba.nacos.naming.iplist.ephemeral.public##DEFAULT_GROUP@@nacos-consumer=d41d8cd98f00b204e9800998ecf8427e, com.alibaba.nacos.naming.iplist.ephemeral.public##DEFAULT_GROUP@@nacos-provider=d41d8cd98f00b204e9800998ecf8427e}

2024-08-10 10:29:05,145 DEBUG sync checksums: {com.alibaba.nacos.naming.iplist.ephemeral.public##DEFAULT_GROUP@@nacos-consumer=d41d8cd98f00b204e9800998ecf8427e, com.alibaba.nacos.naming.iplist.ephemeral.public##DEFAULT_GROUP@@nacos-provider=d41d8cd98f00b204e9800998ecf8427e}

